Determining if the pthread_create exist failed with the following output:
Change Dir: /home/nvidia/AV/build/darknet_ros_msgs/CMakeFiles/CMakeTmp

Run Build Command:"/usr/bin/make" "cmTC_3549c/fast"
/usr/bin/make -f CMakeFiles/cmTC_3549c.dir/build.make CMakeFiles/cmTC_3549c.dir/build
make[1]: Entering directory '/home/nvidia/AV/build/darknet_ros_msgs/CMakeFiles/CMakeTmp'
Building C object CMakeFiles/cmTC_3549c.dir/CheckSymbolExists.c.o
/usr/bin/cc     -o CMakeFiles/cmTC_3549c.dir/CheckSymbolExists.c.o   -c /home/nvidia/AV/build/darknet_ros_msgs/CMakeFiles/CMakeTmp/CheckSymbolExists.c
Linking C executable cmTC_3549c
/usr/bin/cmake -E cmake_link_script CMakeFiles/cmTC_3549c.dir/link.txt --verbose=1
/usr/bin/cc       CMakeFiles/cmTC_3549c.dir/CheckSymbolExists.c.o  -o cmTC_3549c -rdynamic 
CMakeFiles/cmTC_3549c.dir/CheckSymbolExists.c.o: In function `main':
CheckSymbolExists.c:(.text+0x14): undefined reference to `pthread_create'
CheckSymbolExists.c:(.text+0x18): undefined reference to `pthread_create'
collect2: error: ld returned 1 exit status
CMakeFiles/cmTC_3549c.dir/build.make:97: recipe for target 'cmTC_3549c' failed
make[1]: *** [cmTC_3549c] Error 1
make[1]: Leaving directory '/home/nvidia/AV/build/darknet_ros_msgs/CMakeFiles/CMakeTmp'
Makefile:126: recipe for target 'cmTC_3549c/fast' failed
make: *** [cmTC_3549c/fast] Error 2

File /home/nvidia/AV/build/darknet_ros_msgs/CMakeFiles/CMakeTmp/CheckSymbolExists.c:
/* */
#include <pthread.h>

int main(int argc, char** argv)
{
  (void)argv;
#ifndef pthread_create
  return ((int*)(&pthread_create))[argc];
#else
  (void)argc;
  return 0;
#endif
}

Determining if the function pthread_create exists in the pthreads failed with the following output:
Change Dir: /home/nvidia/AV/build/darknet_ros_msgs/CMakeFiles/CMakeTmp

Run Build Command:"/usr/bin/make" "cmTC_91218/fast"
/usr/bin/make -f CMakeFiles/cmTC_91218.dir/build.make CMakeFiles/cmTC_91218.dir/build
make[1]: Entering directory '/home/nvidia/AV/build/darknet_ros_msgs/CMakeFiles/CMakeTmp'
Building C object CMakeFiles/cmTC_91218.dir/CheckFunctionExists.c.o
/usr/bin/cc    -DCHECK_FUNCTION_EXISTS=pthread_create   -o CMakeFiles/cmTC_91218.dir/CheckFunctionExists.c.o   -c /usr/share/cmake-3.5/Modules/CheckFunctionExists.c
Linking C executable cmTC_91218
/usr/bin/cmake -E cmake_link_script CMakeFiles/cmTC_91218.dir/link.txt --verbose=1
/usr/bin/cc   -DCHECK_FUNCTION_EXISTS=pthread_create    CMakeFiles/cmTC_91218.dir/CheckFunctionExists.c.o  -o cmTC_91218 -rdynamic -lpthreads 
/usr/bin/ld: cannot find -lpthreads
collect2: error: ld returned 1 exit status
CMakeFiles/cmTC_91218.dir/build.make:97: recipe for target 'cmTC_91218' failed
make[1]: *** [cmTC_91218] Error 1
make[1]: Leaving directory '/home/nvidia/AV/build/darknet_ros_msgs/CMakeFiles/CMakeTmp'
Makefile:126: recipe for target 'cmTC_91218/fast' failed
make: *** [cmTC_91218/fast] Error 2


