Symlinking /home/nvidia/AV/devel/lib/libmynteye_wrapper.so
Symlinking /home/nvidia/AV/devel/lib/python2.7/dist-packages/mynt_eye_ros_wrapper/__init__.py
Symlinking /home/nvidia/AV/devel/lib/python2.7/dist-packages/mynt_eye_ros_wrapper/srv/_GetInfo.py
Symlinking /home/nvidia/AV/devel/lib/python2.7/dist-packages/mynt_eye_ros_wrapper/srv/__init__.py
Symlinking /home/nvidia/AV/devel/lib/mynt_eye_ros_wrapper/mynteye_wrapper_node
Symlinking /home/nvidia/AV/devel/lib/pkgconfig/mynt_eye_ros_wrapper.pc
Symlinking /home/nvidia/AV/devel/share/gennodejs/ros/mynt_eye_ros_wrapper/_index.js
Symlinking /home/nvidia/AV/devel/share/gennodejs/ros/mynt_eye_ros_wrapper/srv/_index.js
Symlinking /home/nvidia/AV/devel/share/gennodejs/ros/mynt_eye_ros_wrapper/srv/GetInfo.js
Symlinking /home/nvidia/AV/devel/share/mynt_eye_ros_wrapper/cmake/mynt_eye_ros_wrapper-msg-paths.cmake
Symlinking /home/nvidia/AV/devel/share/mynt_eye_ros_wrapper/cmake/mynt_eye_ros_wrapper-msg-extras.cmake
Symlinking /home/nvidia/AV/devel/share/mynt_eye_ros_wrapper/cmake/mynt_eye_ros_wrapperConfig-version.cmake
Symlinking /home/nvidia/AV/devel/share/mynt_eye_ros_wrapper/cmake/mynt_eye_ros_wrapperConfig.cmake
Symlinking /home/nvidia/AV/devel/share/common-lisp/ros/mynt_eye_ros_wrapper/srv/mynt_eye_ros_wrapper-srv.asd
Symlinking /home/nvidia/AV/devel/share/common-lisp/ros/mynt_eye_ros_wrapper/srv/GetInfo.lisp
Symlinking /home/nvidia/AV/devel/share/common-lisp/ros/mynt_eye_ros_wrapper/srv/_package_GetInfo.lisp
Symlinking /home/nvidia/AV/devel/share/common-lisp/ros/mynt_eye_ros_wrapper/srv/_package.lisp
Symlinking /home/nvidia/AV/devel/share/roseus/ros/mynt_eye_ros_wrapper/manifest.l
Symlinking /home/nvidia/AV/devel/share/roseus/ros/mynt_eye_ros_wrapper/srv/GetInfo.l
Symlinking /home/nvidia/AV/devel/include/mynt_eye_ros_wrapper/GetInfoRequest.h
Symlinking /home/nvidia/AV/devel/include/mynt_eye_ros_wrapper/GetInfo.h
Symlinking /home/nvidia/AV/devel/include/mynt_eye_ros_wrapper/GetInfoResponse.h
