Determining if the pthread_create exist failed with the following output:
Change Dir: /home/nvidia/AV/build/path_finder/CMakeFiles/CMakeTmp

Run Build Command:"/usr/bin/make" "cmTC_271db/fast"
/usr/bin/make -f CMakeFiles/cmTC_271db.dir/build.make CMakeFiles/cmTC_271db.dir/build
make[1]: Entering directory '/home/nvidia/AV/build/path_finder/CMakeFiles/CMakeTmp'
Building C object CMakeFiles/cmTC_271db.dir/CheckSymbolExists.c.o
/usr/bin/cc     -o CMakeFiles/cmTC_271db.dir/CheckSymbolExists.c.o   -c /home/nvidia/AV/build/path_finder/CMakeFiles/CMakeTmp/CheckSymbolExists.c
Linking C executable cmTC_271db
/usr/bin/cmake -E cmake_link_script CMakeFiles/cmTC_271db.dir/link.txt --verbose=1
/usr/bin/cc       CMakeFiles/cmTC_271db.dir/CheckSymbolExists.c.o  -o cmTC_271db -rdynamic 
CMakeFiles/cmTC_271db.dir/CheckSymbolExists.c.o: In function `main':
CheckSymbolExists.c:(.text+0x14): undefined reference to `pthread_create'
CheckSymbolExists.c:(.text+0x18): undefined reference to `pthread_create'
collect2: error: ld returned 1 exit status
CMakeFiles/cmTC_271db.dir/build.make:97: recipe for target 'cmTC_271db' failed
make[1]: *** [cmTC_271db] Error 1
make[1]: Leaving directory '/home/nvidia/AV/build/path_finder/CMakeFiles/CMakeTmp'
Makefile:126: recipe for target 'cmTC_271db/fast' failed
make: *** [cmTC_271db/fast] Error 2

File /home/nvidia/AV/build/path_finder/CMakeFiles/CMakeTmp/CheckSymbolExists.c:
/* */
#include <pthread.h>

int main(int argc, char** argv)
{
  (void)argv;
#ifndef pthread_create
  return ((int*)(&pthread_create))[argc];
#else
  (void)argc;
  return 0;
#endif
}

Determining if the function pthread_create exists in the pthreads failed with the following output:
Change Dir: /home/nvidia/AV/build/path_finder/CMakeFiles/CMakeTmp

Run Build Command:"/usr/bin/make" "cmTC_06063/fast"
/usr/bin/make -f CMakeFiles/cmTC_06063.dir/build.make CMakeFiles/cmTC_06063.dir/build
make[1]: Entering directory '/home/nvidia/AV/build/path_finder/CMakeFiles/CMakeTmp'
Building C object CMakeFiles/cmTC_06063.dir/CheckFunctionExists.c.o
/usr/bin/cc    -DCHECK_FUNCTION_EXISTS=pthread_create   -o CMakeFiles/cmTC_06063.dir/CheckFunctionExists.c.o   -c /usr/share/cmake-3.5/Modules/CheckFunctionExists.c
Linking C executable cmTC_06063
/usr/bin/cmake -E cmake_link_script CMakeFiles/cmTC_06063.dir/link.txt --verbose=1
/usr/bin/cc   -DCHECK_FUNCTION_EXISTS=pthread_create    CMakeFiles/cmTC_06063.dir/CheckFunctionExists.c.o  -o cmTC_06063 -rdynamic -lpthreads 
/usr/bin/ld: cannot find -lpthreads
collect2: error: ld returned 1 exit status
CMakeFiles/cmTC_06063.dir/build.make:97: recipe for target 'cmTC_06063' failed
make[1]: *** [cmTC_06063] Error 1
make[1]: Leaving directory '/home/nvidia/AV/build/path_finder/CMakeFiles/CMakeTmp'
Makefile:126: recipe for target 'cmTC_06063/fast' failed
make: *** [cmTC_06063/fast] Error 2


