Determining if the pthread_create exist failed with the following output:
Change Dir: /home/nvidia/AV/build/darknet_ros/CMakeFiles/CMakeTmp

Run Build Command:"/usr/bin/make" "cmTC_85a64/fast"
/usr/bin/make -f CMakeFiles/cmTC_85a64.dir/build.make CMakeFiles/cmTC_85a64.dir/build
make[1]: Entering directory '/home/nvidia/AV/build/darknet_ros/CMakeFiles/CMakeTmp'
Building C object CMakeFiles/cmTC_85a64.dir/CheckSymbolExists.c.o
/usr/bin/cc    -fPIC    -o CMakeFiles/cmTC_85a64.dir/CheckSymbolExists.c.o   -c /home/nvidia/AV/build/darknet_ros/CMakeFiles/CMakeTmp/CheckSymbolExists.c
Linking C executable cmTC_85a64
/usr/bin/cmake -E cmake_link_script CMakeFiles/cmTC_85a64.dir/link.txt --verbose=1
/usr/bin/cc  -fPIC     CMakeFiles/cmTC_85a64.dir/CheckSymbolExists.c.o  -o cmTC_85a64 -rdynamic 
CMakeFiles/cmTC_85a64.dir/CheckSymbolExists.c.o: In function `main':
CheckSymbolExists.c:(.text+0x14): undefined reference to `pthread_create'
CheckSymbolExists.c:(.text+0x18): undefined reference to `pthread_create'
collect2: error: ld returned 1 exit status
CMakeFiles/cmTC_85a64.dir/build.make:97: recipe for target 'cmTC_85a64' failed
make[1]: *** [cmTC_85a64] Error 1
make[1]: Leaving directory '/home/nvidia/AV/build/darknet_ros/CMakeFiles/CMakeTmp'
Makefile:126: recipe for target 'cmTC_85a64/fast' failed
make: *** [cmTC_85a64/fast] Error 2

File /home/nvidia/AV/build/darknet_ros/CMakeFiles/CMakeTmp/CheckSymbolExists.c:
/* */
#include <pthread.h>

int main(int argc, char** argv)
{
  (void)argv;
#ifndef pthread_create
  return ((int*)(&pthread_create))[argc];
#else
  (void)argc;
  return 0;
#endif
}

Determining if the function pthread_create exists in the pthreads failed with the following output:
Change Dir: /home/nvidia/AV/build/darknet_ros/CMakeFiles/CMakeTmp

Run Build Command:"/usr/bin/make" "cmTC_03fee/fast"
/usr/bin/make -f CMakeFiles/cmTC_03fee.dir/build.make CMakeFiles/cmTC_03fee.dir/build
make[1]: Entering directory '/home/nvidia/AV/build/darknet_ros/CMakeFiles/CMakeTmp'
Building C object CMakeFiles/cmTC_03fee.dir/CheckFunctionExists.c.o
/usr/bin/cc    -fPIC -DCHECK_FUNCTION_EXISTS=pthread_create   -o CMakeFiles/cmTC_03fee.dir/CheckFunctionExists.c.o   -c /usr/share/cmake-3.5/Modules/CheckFunctionExists.c
Linking C executable cmTC_03fee
/usr/bin/cmake -E cmake_link_script CMakeFiles/cmTC_03fee.dir/link.txt --verbose=1
/usr/bin/cc  -fPIC -DCHECK_FUNCTION_EXISTS=pthread_create    CMakeFiles/cmTC_03fee.dir/CheckFunctionExists.c.o  -o cmTC_03fee -rdynamic -lpthreads 
/usr/bin/ld: cannot find -lpthreads
collect2: error: ld returned 1 exit status
CMakeFiles/cmTC_03fee.dir/build.make:97: recipe for target 'cmTC_03fee' failed
make[1]: *** [cmTC_03fee] Error 1
make[1]: Leaving directory '/home/nvidia/AV/build/darknet_ros/CMakeFiles/CMakeTmp'
Makefile:126: recipe for target 'cmTC_03fee/fast' failed
make: *** [cmTC_03fee/fast] Error 2


